<?xml version="1.0" encoding="UTF-8"?>
<!-- Generated by org.testng.reporters.JUnitXMLReporter -->
<testsuite hostname="DESKTOP-30U0P6A" ignored="1" name="Default test" tests="4" failures="0" timestamp="2020-08-27T09:46:18 IST" time="15.16" errors="0">
  <testcase name="verifyLoggedIn" time="3.18" classname="LMSpackage.LMSTest2"/>
  <testcase name="navigateToMyAccountAndVerifyPage" time="0.939" classname="LMSpackage.LMSTest2"/>
  <testcase name="navigateToContactUsAndCompleteForm" time="2.889" classname="LMSpackage.LMSTest2"/>
  <testcase name="navigateToCourseAndMarkComplete" time="0.947" classname="LMSpackage.LMSTest2"/>
  <testcase name="navigateAndverifyNumberOfCourses" time="0.0" classname="LMSpackage.LMSTest2">
    <ignored/>
  </testcase> <!-- navigateAndverifyNumberOfCourses -->
</testsuite> <!-- Default test -->
